2026-06-17 13:59:56,752 [INFO] ============================================================
2026-06-17 13:59:56,753 [INFO]   Smart Helmet Ignition System v3 — Starting
2026-06-17 13:59:56,754 [INFO] ============================================================
2026-06-17 13:59:56,754 [INFO] Loading model: models/helmet_yolov8n.pt
2026-06-17 13:59:56,755 [ERROR] ============================================================
2026-06-17 13:59:56,755 [ERROR]   MODEL FILE NOT FOUND!
2026-06-17 13:59:56,756 [ERROR]   Expected: models/helmet_yolov8n.pt
2026-06-17 13:59:56,756 [ERROR] 
2026-06-17 13:59:56,797 [ERROR]   FIX: Run  python setup_model.py  first.
2026-06-17 13:59:56,797 [ERROR]   This downloads a helmet-specific YOLOv8 model.
2026-06-17 13:59:56,798 [ERROR] 
2026-06-17 13:59:56,799 [ERROR]   DO NOT use the base yolov8n.pt — it has NO helmet class.
2026-06-17 13:59:56,800 [ERROR]   The Haar Cascade fallback has been REMOVED intentionally.
2026-06-17 13:59:56,800 [ERROR] ============================================================
2026-06-17 13:59:56,800 [ERROR] System cannot start — model not ready.
2026-06-17 13:59:56,801 [ERROR] Run:  python setup_model.py
2026-06-17 14:20:22,421 [INFO] ============================================================
2026-06-17 14:20:22,421 [INFO]   Smart Helmet Ignition System v3 — Starting
2026-06-17 14:20:22,422 [INFO] ============================================================
2026-06-17 14:20:22,422 [INFO] Loading model: models/helmet_yolov8n.pt
2026-06-17 14:20:22,423 [ERROR] ============================================================
2026-06-17 14:20:22,423 [ERROR]   MODEL FILE NOT FOUND!
2026-06-17 14:20:22,423 [ERROR]   Expected: models/helmet_yolov8n.pt
2026-06-17 14:20:22,424 [ERROR] 
2026-06-17 14:20:22,424 [ERROR]   FIX: Run  python setup_model.py  first.
2026-06-17 14:20:22,424 [ERROR]   This downloads a helmet-specific YOLOv8 model.
2026-06-17 14:20:22,424 [ERROR] 
2026-06-17 14:20:22,425 [ERROR]   DO NOT use the base yolov8n.pt — it has NO helmet class.
2026-06-17 14:20:22,425 [ERROR]   The Haar Cascade fallback has been REMOVED intentionally.
2026-06-17 14:20:22,425 [ERROR] ============================================================
2026-06-17 14:20:22,426 [ERROR] System cannot start — model not ready.
2026-06-17 14:20:22,426 [ERROR] Run:  python setup_model.py
2026-06-17 14:20:54,374 [INFO] ============================================================
2026-06-17 14:20:54,375 [INFO]   Smart Helmet Ignition System v3 — Starting
2026-06-17 14:20:54,375 [INFO] ============================================================
2026-06-17 14:20:54,375 [INFO] Loading model: models/helmet_yolov8n.pt
2026-06-17 14:20:54,376 [ERROR] ============================================================
2026-06-17 14:20:54,376 [ERROR]   MODEL FILE NOT FOUND!
2026-06-17 14:20:54,376 [ERROR]   Expected: models/helmet_yolov8n.pt
2026-06-17 14:20:54,376 [ERROR] 
2026-06-17 14:20:54,377 [ERROR]   FIX: Run  python setup_model.py  first.
2026-06-17 14:20:54,377 [ERROR]   This downloads a helmet-specific YOLOv8 model.
2026-06-17 14:20:54,377 [ERROR] 
2026-06-17 14:20:54,378 [ERROR]   DO NOT use the base yolov8n.pt — it has NO helmet class.
2026-06-17 14:20:54,378 [ERROR]   The Haar Cascade fallback has been REMOVED intentionally.
2026-06-17 14:20:54,378 [ERROR] ============================================================
2026-06-17 14:20:54,379 [ERROR] System cannot start — model not ready.
2026-06-17 14:20:54,379 [ERROR] Run:  python setup_model.py
2026-06-18 21:18:30,218 [INFO] ============================================================
2026-06-18 21:18:30,219 [INFO]   Smart Helmet Ignition System v3 — Starting
2026-06-18 21:18:30,219 [INFO] ============================================================
2026-06-18 21:18:30,220 [INFO] Loading model: models/helmet_yolov8n.pt
2026-06-18 21:18:30,552 [INFO] Model loaded. Class names:
2026-06-18 21:18:30,565 [INFO] Helmet class IDs auto-detected: {0, 1}
2026-06-18 21:18:32,260 [INFO] Camera ready. Starting detection loop...
2026-06-18 21:18:32,262 [INFO] Press Q to quit | S to save screenshot
2026-06-18 21:18:32,757 [DEBUG]   Skipped: 'without helmet' is a NO-HELMET class
2026-06-18 21:21:13,465 [INFO] ============================================================
2026-06-18 21:21:13,466 [INFO]   Smart Helmet Ignition System v3 — Starting
2026-06-18 21:21:13,466 [INFO] ============================================================
2026-06-18 21:21:13,466 [INFO] Loading model: models/helmet_yolov8n.pt
2026-06-18 21:21:13,599 [INFO] Model loaded. Class names:
2026-06-18 21:21:13,604 [INFO] Helmet class IDs auto-detected: {0, 1}
2026-06-18 21:21:16,830 [INFO] Camera ready. Starting detection loop...
2026-06-18 21:21:16,831 [INFO] Press Q to quit | S to save screenshot
2026-06-18 21:21:17,345 [DEBUG]   Skipped: 'without helmet' is a NO-HELMET class
2026-06-18 21:21:17,458 [DEBUG]   Skipped: 'without helmet' is a NO-HELMET class
2026-06-18 21:21:17,575 [DEBUG]   Skipped: 'without helmet' is a NO-HELMET class
2026-06-18 21:21:17,949 [DEBUG]   Skipped: 'without helmet' is a NO-HELMET class
2026-06-18 21:21:18,098 [DEBUG]   Skipped: 'without helmet' is a NO-HELMET class
2026-06-18 21:21:18,100 [DEBUG]   Skipped: 'without helmet' is a NO-HELMET class
2026-06-18 21:21:18,222 [DEBUG]   Skipped: 'without helmet' is a NO-HELMET class
2026-06-18 21:21:18,349 [DEBUG]   Skipped: 'without helmet' is a NO-HELMET class
2026-06-18 21:21:18,475 [DEBUG]   Skipped: 'without helmet' is a NO-HELMET class
2026-06-18 21:21:18,621 [DEBUG]   Skipped: 'without helmet' is a NO-HELMET class
2026-06-18 21:21:18,746 [DEBUG]   Skipped: 'without helmet' is a NO-HELMET class
2026-06-18 21:21:18,874 [DEBUG]   Skipped: 'without helmet' is a NO-HELMET class
2026-06-18 21:21:19,001 [DEBUG]   Skipped: 'without helmet' is a NO-HELMET class
2026-06-18 21:21:19,104 [DEBUG]   Skipped: 'without helmet' is a NO-HELMET class
2026-06-18 21:21:19,215 [DEBUG]   Skipped: 'without helmet' is a NO-HELMET class
2026-06-18 21:21:19,340 [DEBUG]   Skipped: 'without helmet' is a NO-HELMET class
2026-06-18 21:21:19,470 [DEBUG]   Skipped: 'without helmet' is a NO-HELMET class
2026-06-18 21:21:19,613 [DEBUG]   Skipped: 'without helmet' is a NO-HELMET class
2026-06-18 21:21:19,740 [DEBUG]   Skipped: 'without helmet' is a NO-HELMET class
2026-06-18 21:21:19,866 [DEBUG]   Skipped: 'without helmet' is a NO-HELMET class
2026-06-18 21:21:19,993 [DEBUG]   Skipped: 'without helmet' is a NO-HELMET class
2026-06-18 21:21:20,132 [DEBUG]   Skipped: 'without helmet' is a NO-HELMET class
2026-06-18 21:21:20,265 [DEBUG]   Skipped: 'without helmet' is a NO-HELMET class
2026-06-18 21:21:20,397 [DEBUG]   Skipped: 'without helmet' is a NO-HELMET class
2026-06-18 21:21:20,521 [DEBUG]   Skipped: 'without helmet' is a NO-HELMET class
2026-06-18 21:21:20,669 [DEBUG]   Skipped: 'without helmet' is a NO-HELMET class
2026-06-18 21:21:20,797 [DEBUG]   Skipped: 'without helmet' is a NO-HELMET class
2026-06-18 21:21:20,927 [DEBUG]   Skipped: 'without helmet' is a NO-HELMET class
2026-06-18 21:21:21,054 [DEBUG]   Skipped: 'without helmet' is a NO-HELMET class
2026-06-18 21:21:21,197 [DEBUG]   Skipped: 'without helmet' is a NO-HELMET class
2026-06-18 21:21:21,325 [DEBUG]   Skipped: 'without helmet' is a NO-HELMET class
2026-06-18 21:21:21,455 [DEBUG]   Skipped: 'without helmet' is a NO-HELMET class
2026-06-18 21:21:22,168 [DEBUG]   Skipped: 'without helmet' is a NO-HELMET class
2026-06-18 21:21:22,316 [DEBUG]   Skipped: 'without helmet' is a NO-HELMET class
2026-06-18 21:21:22,436 [DEBUG]   Skipped: 'without helmet' is a NO-HELMET class
2026-06-18 21:21:25,804 [DEBUG]   Skipped: 'without helmet' is a NO-HELMET class
2026-06-18 21:21:25,948 [DEBUG]   Skipped: 'without helmet' is a NO-HELMET class
2026-06-18 21:21:26,077 [DEBUG]   Skipped: 'without helmet' is a NO-HELMET class
2026-06-18 21:21:26,201 [DEBUG]   Skipped: 'without helmet' is a NO-HELMET class
2026-06-18 21:21:26,333 [DEBUG]   Skipped: 'without helmet' is a NO-HELMET class
2026-06-18 21:21:26,818 [DEBUG]   Skipped: 'without helmet' is a NO-HELMET class
2026-06-18 21:21:26,937 [DEBUG]   Skipped: 'without helmet' is a NO-HELMET class
2026-06-18 21:21:27,068 [DEBUG]   Skipped: 'without helmet' is a NO-HELMET class
2026-06-18 21:21:27,464 [DEBUG]   Skipped: 'without helmet' is a NO-HELMET class
2026-06-18 21:21:27,596 [DEBUG]   Skipped: 'without helmet' is a NO-HELMET class
2026-06-18 21:21:28,224 [DEBUG]   Skipped: 'without helmet' is a NO-HELMET class
2026-06-18 21:21:28,333 [DEBUG]   Skipped: 'without helmet' is a NO-HELMET class
2026-06-18 21:21:28,335 [DEBUG]   Skipped: 'without helmet' is a NO-HELMET class
2026-06-18 21:21:28,337 [DEBUG]   Skipped: 'without helmet' is a NO-HELMET class
2026-06-18 21:21:28,549 [DEBUG]   Skipped: 'without helmet' is a NO-HELMET class
2026-06-18 21:21:28,657 [DEBUG]   Skipped: 'without helmet' is a NO-HELMET class
2026-06-18 21:21:28,778 [DEBUG]   Skipped: 'without helmet' is a NO-HELMET class
2026-06-18 21:21:29,436 [DEBUG]   Skipped: 'without helmet' is a NO-HELMET class
2026-06-18 21:21:29,580 [DEBUG]   Skipped: 'without helmet' is a NO-HELMET class
2026-06-18 21:21:29,708 [DEBUG]   Skipped: 'without helmet' is a NO-HELMET class
2026-06-18 21:21:29,836 [DEBUG]   Skipped: 'without helmet' is a NO-HELMET class
2026-06-18 21:21:30,235 [DEBUG]   Skipped: 'without helmet' is a NO-HELMET class
2026-06-18 21:21:30,367 [DEBUG]   Skipped: 'without helmet' is a NO-HELMET class
2026-06-18 21:21:30,466 [DEBUG]   Skipped: 'without helmet' is a NO-HELMET class
2026-06-18 21:21:30,575 [DEBUG]   Skipped: 'without helmet' is a NO-HELMET class
2026-06-18 21:21:30,577 [DEBUG]   Skipped: 'without helmet' is a NO-HELMET class
2026-06-18 21:21:30,700 [DEBUG]   Skipped: 'without helmet' is a NO-HELMET class
2026-06-18 21:21:30,701 [DEBUG]   Skipped: 'without helmet' is a NO-HELMET class
2026-06-18 21:21:30,820 [DEBUG]   Skipped: 'without helmet' is a NO-HELMET class
2026-06-18 21:21:30,949 [DEBUG]   Skipped: 'without helmet' is a NO-HELMET class
2026-06-18 21:21:31,082 [DEBUG]   Skipped: 'without helmet' is a NO-HELMET class
2026-06-18 21:21:31,227 [DEBUG]   Skipped: 'without helmet' is a NO-HELMET class
2026-06-18 21:21:31,355 [DEBUG]   Skipped: 'without helmet' is a NO-HELMET class
2026-06-18 21:21:31,486 [DEBUG]   Skipped: 'without helmet' is a NO-HELMET class
2026-06-18 21:21:31,612 [DEBUG]   Skipped: 'without helmet' is a NO-HELMET class
2026-06-18 21:21:31,754 [DEBUG]   Skipped: 'without helmet' is a NO-HELMET class
2026-06-18 21:21:31,884 [DEBUG]   Skipped: 'without helmet' is a NO-HELMET class
2026-06-18 21:21:32,012 [DEBUG]   Skipped: 'without helmet' is a NO-HELMET class
2026-06-18 21:21:32,139 [DEBUG]   Skipped: 'without helmet' is a NO-HELMET class
2026-06-18 21:21:32,281 [DEBUG]   Skipped: 'without helmet' is a NO-HELMET class
2026-06-18 21:21:32,411 [DEBUG]   Skipped: 'without helmet' is a NO-HELMET class
2026-06-18 21:21:32,542 [DEBUG]   Skipped: 'without helmet' is a NO-HELMET class
2026-06-18 21:21:32,664 [DEBUG]   Skipped: 'without helmet' is a NO-HELMET class
2026-06-18 21:21:32,807 [DEBUG]   Skipped: 'without helmet' is a NO-HELMET class
2026-06-18 21:21:32,940 [DEBUG]   Skipped: 'without helmet' is a NO-HELMET class
2026-06-18 21:21:33,064 [DEBUG]   Skipped: 'without helmet' is a NO-HELMET class
2026-06-18 21:21:33,210 [DEBUG]   Skipped: 'without helmet' is a NO-HELMET class
2026-06-18 21:21:33,344 [DEBUG]   Skipped: 'without helmet' is a NO-HELMET class
2026-06-18 21:21:33,468 [DEBUG]   Skipped: 'without helmet' is a NO-HELMET class
2026-06-18 21:21:33,594 [DEBUG]   Skipped: 'without helmet' is a NO-HELMET class
2026-06-18 21:21:33,742 [DEBUG]   Skipped: 'without helmet' is a NO-HELMET class
2026-06-18 21:21:33,875 [DEBUG]   Skipped: 'without helmet' is a NO-HELMET class
2026-06-18 21:21:35,051 [DEBUG]   Skipped: 'without helmet' is a NO-HELMET class
2026-06-18 21:21:35,178 [DEBUG]   Skipped: 'without helmet' is a NO-HELMET class
2026-06-18 21:21:35,326 [DEBUG]   Skipped: 'without helmet' is a NO-HELMET class
2026-06-18 21:21:35,423 [DEBUG]   Skipped: 'without helmet' is a NO-HELMET class
2026-06-18 21:21:35,540 [DEBUG]   Skipped: 'without helmet' is a NO-HELMET class
2026-06-18 21:21:35,646 [DEBUG]   Skipped: 'without helmet' is a NO-HELMET class
2026-06-18 21:21:35,768 [DEBUG]   Skipped: 'without helmet' is a NO-HELMET class
2026-06-18 21:21:35,915 [DEBUG]   Skipped: 'without helmet' is a NO-HELMET class
2026-06-18 21:21:36,044 [DEBUG]   Skipped: 'without helmet' is a NO-HELMET class
2026-06-18 21:21:37,691 [DEBUG]   Skipped: 'without helmet' is a NO-HELMET class
2026-06-18 21:21:37,820 [DEBUG]   Skipped: 'without helmet' is a NO-HELMET class
2026-06-18 21:21:37,964 [DEBUG]   Skipped: 'without helmet' is a NO-HELMET class
2026-06-18 21:21:38,092 [DEBUG]   Skipped: 'without helmet' is a NO-HELMET class
2026-06-18 21:21:38,223 [DEBUG]   Skipped: 'without helmet' is a NO-HELMET class
2026-06-18 21:21:38,351 [DEBUG]   Skipped: 'without helmet' is a NO-HELMET class
2026-06-18 21:21:38,491 [DEBUG]   Skipped: 'without helmet' is a NO-HELMET class
2026-06-18 21:21:38,618 [DEBUG]   Skipped: 'without helmet' is a NO-HELMET class
2026-06-18 21:21:38,748 [DEBUG]   Skipped: 'without helmet' is a NO-HELMET class
2026-06-18 21:21:38,877 [DEBUG]   Skipped: 'without helmet' is a NO-HELMET class
2026-06-18 21:21:39,021 [DEBUG]   Skipped: 'without helmet' is a NO-HELMET class
2026-06-18 21:21:39,147 [DEBUG]   Skipped: 'without helmet' is a NO-HELMET class
2026-06-18 21:21:39,276 [DEBUG]   Skipped: 'without helmet' is a NO-HELMET class
2026-06-18 21:21:39,404 [DEBUG]   Skipped: 'without helmet' is a NO-HELMET class
2026-06-18 21:21:39,552 [DEBUG]   Skipped: 'without helmet' is a NO-HELMET class
2026-06-18 21:21:39,682 [DEBUG]   Skipped: 'without helmet' is a NO-HELMET class
2026-06-18 21:21:39,807 [DEBUG]   Skipped: 'without helmet' is a NO-HELMET class
2026-06-18 21:21:39,934 [DEBUG]   Skipped: 'without helmet' is a NO-HELMET class
2026-06-18 21:21:40,045 [DEBUG]   Skipped: 'without helmet' is a NO-HELMET class
2026-06-18 21:21:40,159 [DEBUG]   Skipped: 'without helmet' is a NO-HELMET class
2026-06-18 21:21:40,267 [DEBUG]   Skipped: 'without helmet' is a NO-HELMET class
2026-06-18 21:21:40,398 [DEBUG]   Skipped: 'without helmet' is a NO-HELMET class
2026-06-18 21:21:40,524 [DEBUG]   Skipped: 'without helmet' is a NO-HELMET class
2026-06-18 21:21:40,622 [DEBUG]   Skipped: 'without helmet' is a NO-HELMET class
2026-06-18 21:21:40,730 [DEBUG]   Skipped: 'without helmet' is a NO-HELMET class
2026-06-18 21:21:40,861 [DEBUG]   Skipped: 'without helmet' is a NO-HELMET class
2026-06-18 21:21:40,985 [DEBUG]   Skipped: 'without helmet' is a NO-HELMET class
2026-06-18 21:21:41,134 [DEBUG]   Skipped: 'without helmet' is a NO-HELMET class
2026-06-18 21:21:41,260 [DEBUG]   Skipped: 'without helmet' is a NO-HELMET class
2026-06-18 21:21:41,382 [DEBUG]   Skipped: 'without helmet' is a NO-HELMET class
2026-06-18 21:21:41,512 [DEBUG]   Skipped: 'without helmet' is a NO-HELMET class
2026-06-18 21:21:41,662 [DEBUG]   Skipped: 'without helmet' is a NO-HELMET class
2026-06-18 21:21:41,788 [DEBUG]   Skipped: 'without helmet' is a NO-HELMET class
2026-06-18 21:21:41,917 [DEBUG]   Skipped: 'without helmet' is a NO-HELMET class
2026-06-18 21:21:42,046 [DEBUG]   Skipped: 'without helmet' is a NO-HELMET class
2026-06-18 21:21:42,186 [DEBUG]   Skipped: 'without helmet' is a NO-HELMET class
2026-06-18 21:21:42,310 [DEBUG]   Skipped: 'without helmet' is a NO-HELMET class
2026-06-18 21:21:42,444 [DEBUG]   Skipped: 'without helmet' is a NO-HELMET class
2026-06-18 21:21:42,573 [DEBUG]   Skipped: 'without helmet' is a NO-HELMET class
2026-06-18 21:21:42,714 [DEBUG]   Skipped: 'without helmet' is a NO-HELMET class
2026-06-18 21:21:42,825 [DEBUG]   Skipped: 'without helmet' is a NO-HELMET class
2026-06-18 21:21:42,930 [DEBUG]   Skipped: 'without helmet' is a NO-HELMET class
2026-06-18 21:21:43,034 [DEBUG]   Skipped: 'without helmet' is a NO-HELMET class
2026-06-18 21:21:43,177 [DEBUG]   Skipped: 'without helmet' is a NO-HELMET class
2026-06-18 21:21:43,308 [DEBUG]   Skipped: 'without helmet' is a NO-HELMET class
2026-06-18 21:21:43,410 [DEBUG]   Skipped: 'without helmet' is a NO-HELMET class
2026-06-18 21:21:43,518 [DEBUG]   Skipped: 'without helmet' is a NO-HELMET class
2026-06-18 21:21:43,625 [DEBUG]   Skipped: 'without helmet' is a NO-HELMET class
2026-06-18 21:21:43,774 [DEBUG]   Skipped: 'without helmet' is a NO-HELMET class
2026-06-18 21:21:43,895 [DEBUG]   Skipped: 'without helmet' is a NO-HELMET class
2026-06-18 21:21:44,031 [DEBUG]   Skipped: 'without helmet' is a NO-HELMET class
2026-06-18 21:21:44,157 [DEBUG]   Skipped: 'without helmet' is a NO-HELMET class
2026-06-18 21:21:44,303 [DEBUG]   Skipped: 'without helmet' is a NO-HELMET class
2026-06-18 21:21:44,429 [DEBUG]   Skipped: 'without helmet' is a NO-HELMET class
2026-06-18 21:21:44,555 [DEBUG]   Skipped: 'without helmet' is a NO-HELMET class
2026-06-18 21:21:44,686 [DEBUG]   Skipped: 'without helmet' is a NO-HELMET class
2026-06-18 21:21:44,823 [DEBUG]   Skipped: 'without helmet' is a NO-HELMET class
2026-06-18 21:21:44,955 [DEBUG]   Skipped: 'without helmet' is a NO-HELMET class
2026-06-18 21:21:45,085 [DEBUG]   Skipped: 'without helmet' is a NO-HELMET class
2026-06-18 21:21:45,193 [DEBUG]   Skipped: 'without helmet' is a NO-HELMET class
2026-06-18 21:21:45,294 [DEBUG]   Skipped: 'without helmet' is a NO-HELMET class
2026-06-18 21:21:45,419 [DEBUG]   Skipped: 'without helmet' is a NO-HELMET class
2026-06-18 21:21:45,549 [DEBUG]   Skipped: 'without helmet' is a NO-HELMET class
2026-06-18 21:21:45,670 [DEBUG]   Skipped: 'without helmet' is a NO-HELMET class
2026-06-18 21:21:45,820 [DEBUG]   Skipped: 'without helmet' is a NO-HELMET class
2026-06-18 21:21:45,949 [DEBUG]   Skipped: 'without helmet' is a NO-HELMET class
2026-06-18 21:21:46,077 [DEBUG]   Skipped: 'without helmet' is a NO-HELMET class
2026-06-18 21:21:46,199 [DEBUG]   Skipped: 'without helmet' is a NO-HELMET class
2026-06-18 21:21:46,347 [DEBUG]   Skipped: 'without helmet' is a NO-HELMET class
2026-06-18 21:21:46,473 [DEBUG]   Skipped: 'without helmet' is a NO-HELMET class
2026-06-18 21:21:46,606 [DEBUG]   Skipped: 'without helmet' is a NO-HELMET class
2026-06-18 21:21:46,732 [DEBUG]   Skipped: 'without helmet' is a NO-HELMET class
2026-06-18 21:21:46,872 [DEBUG]   Skipped: 'without helmet' is a NO-HELMET class
2026-06-18 21:21:47,004 [DEBUG]   Skipped: 'without helmet' is a NO-HELMET class
2026-06-18 21:21:47,131 [DEBUG]   Skipped: 'without helmet' is a NO-HELMET class
2026-06-18 21:21:47,260 [DEBUG]   Skipped: 'without helmet' is a NO-HELMET class
2026-06-18 21:21:47,405 [DEBUG]   Skipped: 'without helmet' is a NO-HELMET class
2026-06-18 21:21:47,532 [DEBUG]   Skipped: 'without helmet' is a NO-HELMET class
2026-06-18 21:21:47,662 [DEBUG]   Skipped: 'without helmet' is a NO-HELMET class
2026-06-18 21:21:47,789 [DEBUG]   Skipped: 'without helmet' is a NO-HELMET class
2026-06-18 21:21:47,930 [DEBUG]   Skipped: 'without helmet' is a NO-HELMET class
2026-06-18 21:21:48,061 [DEBUG]   Skipped: 'without helmet' is a NO-HELMET class
2026-06-18 21:21:48,188 [DEBUG]   Skipped: 'without helmet' is a NO-HELMET class
2026-06-18 21:21:48,315 [DEBUG]   Skipped: 'without helmet' is a NO-HELMET class
2026-06-18 21:21:48,461 [DEBUG]   Skipped: 'without helmet' is a NO-HELMET class
2026-06-18 21:21:48,587 [DEBUG]   Skipped: 'without helmet' is a NO-HELMET class
2026-06-18 21:21:48,713 [DEBUG]   Skipped: 'without helmet' is a NO-HELMET class
2026-06-18 21:21:48,842 [DEBUG]   Skipped: 'without helmet' is a NO-HELMET class
2026-06-18 21:21:48,986 [DEBUG]   Skipped: 'without helmet' is a NO-HELMET class
2026-06-18 21:21:49,113 [DEBUG]   Skipped: 'without helmet' is a NO-HELMET class
2026-06-18 21:21:49,242 [DEBUG]   Skipped: 'without helmet' is a NO-HELMET class
2026-06-18 21:21:49,368 [DEBUG]   Skipped: 'without helmet' is a NO-HELMET class
2026-06-18 21:21:49,517 [DEBUG]   Skipped: 'without helmet' is a NO-HELMET class
2026-06-18 21:21:49,640 [DEBUG]   Skipped: 'without helmet' is a NO-HELMET class
2026-06-18 21:21:49,772 [DEBUG]   Skipped: 'without helmet' is a NO-HELMET class
2026-06-18 21:21:49,895 [DEBUG]   Skipped: 'without helmet' is a NO-HELMET class
2026-06-18 21:21:50,039 [DEBUG]   Skipped: 'without helmet' is a NO-HELMET class
2026-06-18 21:21:50,172 [DEBUG]   Skipped: 'without helmet' is a NO-HELMET class
2026-06-18 21:21:50,297 [DEBUG]   Skipped: 'without helmet' is a NO-HELMET class
2026-06-18 21:21:50,433 [DEBUG]   Skipped: 'without helmet' is a NO-HELMET class
2026-06-18 21:21:50,576 [DEBUG]   Skipped: 'without helmet' is a NO-HELMET class
2026-06-18 21:21:50,683 [DEBUG]   Skipped: 'without helmet' is a NO-HELMET class
2026-06-18 21:21:50,777 [DEBUG]   Skipped: 'without helmet' is a NO-HELMET class
2026-06-18 21:21:50,887 [DEBUG]   Skipped: 'without helmet' is a NO-HELMET class
2026-06-18 21:21:51,032 [DEBUG]   Skipped: 'without helmet' is a NO-HELMET class
2026-06-18 21:21:51,168 [DEBUG]   Skipped: 'without helmet' is a NO-HELMET class
2026-06-18 21:21:51,292 [DEBUG]   Skipped: 'without helmet' is a NO-HELMET class
2026-06-18 21:21:51,415 [DEBUG]   Skipped: 'without helmet' is a NO-HELMET class
2026-06-18 21:21:51,560 [DEBUG]   Skipped: 'without helmet' is a NO-HELMET class
2026-06-18 21:21:51,692 [DEBUG]   Skipped: 'without helmet' is a NO-HELMET class
2026-06-18 21:21:51,819 [DEBUG]   Skipped: 'without helmet' is a NO-HELMET class
2026-06-18 21:21:51,951 [DEBUG]   Skipped: 'without helmet' is a NO-HELMET class
2026-06-18 21:21:52,090 [DEBUG]   Skipped: 'without helmet' is a NO-HELMET class
2026-06-18 21:21:52,193 [DEBUG]   Skipped: 'without helmet' is a NO-HELMET class
2026-06-18 21:21:52,349 [DEBUG]   Skipped: 'without helmet' is a NO-HELMET class
2026-06-18 21:21:52,473 [DEBUG]   Skipped: 'without helmet' is a NO-HELMET class
2026-06-18 21:21:52,620 [DEBUG]   Skipped: 'without helmet' is a NO-HELMET class
2026-06-18 21:21:52,723 [DEBUG]   Skipped: 'without helmet' is a NO-HELMET class
2026-06-18 21:21:52,871 [DEBUG]   Skipped: 'without helmet' is a NO-HELMET class
2026-06-18 21:21:53,004 [DEBUG]   Skipped: 'without helmet' is a NO-HELMET class
2026-06-18 21:21:53,148 [DEBUG]   Skipped: 'without helmet' is a NO-HELMET class
2026-06-18 21:21:53,279 [DEBUG]   Skipped: 'without helmet' is a NO-HELMET class
2026-06-18 21:21:53,405 [DEBUG]   Skipped: 'without helmet' is a NO-HELMET class
2026-06-18 21:21:53,533 [DEBUG]   Skipped: 'without helmet' is a NO-HELMET class
2026-06-18 21:21:53,673 [DEBUG]   Skipped: 'without helmet' is a NO-HELMET class
2026-06-18 21:21:53,804 [DEBUG]   Skipped: 'without helmet' is a NO-HELMET class
2026-06-18 21:21:53,928 [DEBUG]   Skipped: 'without helmet' is a NO-HELMET class
2026-06-18 21:21:54,059 [DEBUG]   Skipped: 'without helmet' is a NO-HELMET class
2026-06-18 21:21:54,205 [DEBUG]   Skipped: 'without helmet' is a NO-HELMET class
2026-06-18 21:21:54,332 [DEBUG]   Skipped: 'without helmet' is a NO-HELMET class
2026-06-18 21:21:54,459 [DEBUG]   Skipped: 'without helmet' is a NO-HELMET class
2026-06-18 21:21:54,584 [DEBUG]   Skipped: 'without helmet' is a NO-HELMET class
2026-06-18 21:21:54,726 [DEBUG]   Skipped: 'without helmet' is a NO-HELMET class
2026-06-18 21:21:54,861 [DEBUG]   Skipped: 'without helmet' is a NO-HELMET class
2026-06-18 21:21:54,985 [DEBUG]   Skipped: 'without helmet' is a NO-HELMET class
2026-06-18 21:21:55,111 [DEBUG]   Skipped: 'without helmet' is a NO-HELMET class
2026-06-18 21:21:55,259 [DEBUG]   Skipped: 'without helmet' is a NO-HELMET class
2026-06-18 21:21:55,389 [DEBUG]   Skipped: 'without helmet' is a NO-HELMET class
2026-06-18 21:21:55,517 [DEBUG]   Skipped: 'without helmet' is a NO-HELMET class
2026-06-18 21:21:55,636 [DEBUG]   Skipped: 'without helmet' is a NO-HELMET class
2026-06-18 21:21:55,789 [DEBUG]   Skipped: 'without helmet' is a NO-HELMET class
2026-06-18 21:21:55,898 [DEBUG]   Skipped: 'without helmet' is a NO-HELMET class
2026-06-18 21:21:56,008 [DEBUG]   Skipped: 'without helmet' is a NO-HELMET class
2026-06-18 21:21:57,035 [DEBUG]   Skipped: 'without helmet' is a NO-HELMET class
2026-06-18 21:21:57,159 [DEBUG]   Skipped: 'without helmet' is a NO-HELMET class
2026-06-18 21:22:03,033 [DEBUG]   Skipped: 'without helmet' is a NO-HELMET class
2026-06-18 21:22:03,035 [DEBUG]   Skipped: 'without helmet' is a NO-HELMET class
2026-06-18 21:22:03,153 [DEBUG]   Skipped: 'without helmet' is a NO-HELMET class
2026-06-18 21:22:03,307 [DEBUG]   Skipped: 'without helmet' is a NO-HELMET class
2026-06-18 21:22:03,437 [DEBUG]   Skipped: 'without helmet' is a NO-HELMET class
2026-06-18 21:22:03,579 [DEBUG]   Skipped: 'without helmet' is a NO-HELMET class
2026-06-18 21:22:03,704 [DEBUG]   Skipped: 'without helmet' is a NO-HELMET class
2026-06-18 21:22:03,836 [DEBUG]   Skipped: 'without helmet' is a NO-HELMET class
2026-06-18 21:22:04,108 [DEBUG]   Skipped: 'without helmet' is a NO-HELMET class
2026-06-18 21:22:04,230 [DEBUG]   Skipped: 'without helmet' is a NO-HELMET class
2026-06-18 21:22:04,371 [DEBUG]   Skipped: 'without helmet' is a NO-HELMET class
2026-06-18 21:22:04,487 [DEBUG]   Skipped: 'without helmet' is a NO-HELMET class
2026-06-18 21:22:04,633 [DEBUG]   Skipped: 'without helmet' is a NO-HELMET class
2026-06-18 21:22:04,761 [DEBUG]   Skipped: 'without helmet' is a NO-HELMET class
2026-06-18 21:22:04,891 [DEBUG]   Skipped: 'without helmet' is a NO-HELMET class
2026-06-18 21:22:05,019 [DEBUG]   Skipped: 'without helmet' is a NO-HELMET class
2026-06-18 21:22:05,164 [DEBUG]   Skipped: 'without helmet' is a NO-HELMET class
2026-06-18 21:22:05,290 [DEBUG]   Skipped: 'without helmet' is a NO-HELMET class
2026-06-18 21:22:05,420 [DEBUG]   Skipped: 'without helmet' is a NO-HELMET class
2026-06-18 21:22:05,549 [DEBUG]   Skipped: 'without helmet' is a NO-HELMET class
2026-06-18 21:22:05,689 [DEBUG]   Skipped: 'without helmet' is a NO-HELMET class
2026-06-18 21:22:05,819 [DEBUG]   Skipped: 'without helmet' is a NO-HELMET class
2026-06-18 21:22:05,946 [DEBUG]   Skipped: 'without helmet' is a NO-HELMET class
2026-06-18 21:22:06,076 [DEBUG]   Skipped: 'without helmet' is a NO-HELMET class
2026-06-18 21:22:06,216 [DEBUG]   Skipped: 'without helmet' is a NO-HELMET class
2026-06-18 21:22:06,330 [DEBUG]   Skipped: 'without helmet' is a NO-HELMET class
2026-06-18 21:22:06,476 [DEBUG]   Skipped: 'without helmet' is a NO-HELMET class
2026-06-18 21:22:06,600 [DEBUG]   Skipped: 'without helmet' is a NO-HELMET class
2026-06-18 21:22:06,602 [DEBUG]   Skipped: 'without helmet' is a NO-HELMET class
2026-06-18 21:22:06,750 [DEBUG]   Skipped: 'without helmet' is a NO-HELMET class
2026-06-18 21:22:06,753 [DEBUG]   Skipped: 'without helmet' is a NO-HELMET class
2026-06-18 21:22:06,876 [DEBUG]   Skipped: 'without helmet' is a NO-HELMET class
2026-06-18 21:22:06,878 [DEBUG]   Skipped: 'without helmet' is a NO-HELMET class
2026-06-18 21:22:07,004 [DEBUG]   Skipped: 'without helmet' is a NO-HELMET class
2026-06-18 21:22:07,129 [DEBUG]   Skipped: 'without helmet' is a NO-HELMET class
2026-06-18 21:22:07,274 [DEBUG]   Skipped: 'without helmet' is a NO-HELMET class
2026-06-18 21:22:07,402 [DEBUG]   Skipped: 'without helmet' is a NO-HELMET class
2026-06-18 21:22:07,529 [DEBUG]   Skipped: 'without helmet' is a NO-HELMET class
2026-06-18 21:22:07,655 [DEBUG]   Skipped: 'without helmet' is a NO-HELMET class
2026-06-18 21:22:07,803 [DEBUG]   Skipped: 'without helmet' is a NO-HELMET class
2026-06-18 21:22:07,934 [DEBUG]   Skipped: 'without helmet' is a NO-HELMET class
2026-06-18 21:22:08,042 [DEBUG]   Skipped: 'without helmet' is a NO-HELMET class
2026-06-18 21:22:08,190 [DEBUG]   Skipped: 'without helmet' is a NO-HELMET class
2026-06-18 21:22:08,331 [DEBUG]   Skipped: 'without helmet' is a NO-HELMET class
2026-06-18 21:22:08,461 [DEBUG]   Skipped: 'without helmet' is a NO-HELMET class
2026-06-18 21:22:08,592 [DEBUG]   Skipped: 'without helmet' is a NO-HELMET class
2026-06-18 21:22:08,719 [DEBUG]   Skipped: 'without helmet' is a NO-HELMET class
2026-06-18 21:22:08,862 [DEBUG]   Skipped: 'without helmet' is a NO-HELMET class
2026-06-18 21:22:08,982 [DEBUG]   Skipped: 'without helmet' is a NO-HELMET class
2026-06-18 21:22:09,122 [DEBUG]   Skipped: 'without helmet' is a NO-HELMET class
2026-06-18 21:22:09,241 [DEBUG]   Skipped: 'without helmet' is a NO-HELMET class
2026-06-18 21:22:09,388 [DEBUG]   Skipped: 'without helmet' is a NO-HELMET class
2026-06-18 21:22:09,521 [DEBUG]   Skipped: 'without helmet' is a NO-HELMET class
2026-06-18 21:22:09,640 [DEBUG]   Skipped: 'without helmet' is a NO-HELMET class
2026-06-18 21:22:09,772 [DEBUG]   Skipped: 'without helmet' is a NO-HELMET class
2026-06-18 21:22:09,912 [DEBUG]   Skipped: 'without helmet' is a NO-HELMET class
2026-06-18 21:22:10,045 [DEBUG]   Skipped: 'without helmet' is a NO-HELMET class
2026-06-18 21:22:10,172 [DEBUG]   Skipped: 'without helmet' is a NO-HELMET class
2026-06-18 21:22:10,300 [DEBUG]   Skipped: 'without helmet' is a NO-HELMET class
2026-06-18 21:22:10,446 [DEBUG]   Skipped: 'without helmet' is a NO-HELMET class
2026-06-18 21:22:10,549 [DEBUG]   Skipped: 'without helmet' is a NO-HELMET class
2026-06-18 21:22:10,659 [DEBUG]   Skipped: 'without helmet' is a NO-HELMET class
2026-06-18 21:22:10,762 [DEBUG]   Skipped: 'without helmet' is a NO-HELMET class
2026-06-18 21:22:10,887 [DEBUG]   Skipped: 'without helmet' is a NO-HELMET class
2026-06-18 21:22:11,036 [DEBUG]   Skipped: 'without helmet' is a NO-HELMET class
2026-06-18 21:22:11,159 [DEBUG]   Skipped: 'without helmet' is a NO-HELMET class
2026-06-18 21:22:11,286 [DEBUG]   Skipped: 'without helmet' is a NO-HELMET class
2026-06-18 21:22:11,434 [DEBUG]   Skipped: 'without helmet' is a NO-HELMET class
2026-06-18 21:22:11,563 [DEBUG]   Skipped: 'without helmet' is a NO-HELMET class
2026-06-18 21:22:11,693 [DEBUG]   Skipped: 'without helmet' is a NO-HELMET class
2026-06-18 21:22:11,821 [DEBUG]   Skipped: 'without helmet' is a NO-HELMET class
2026-06-18 21:22:11,963 [DEBUG]   Skipped: 'without helmet' is a NO-HELMET class
2026-06-18 21:22:12,086 [DEBUG]   Skipped: 'without helmet' is a NO-HELMET class
2026-06-18 21:22:12,221 [DEBUG]   Skipped: 'without helmet' is a NO-HELMET class
2026-06-18 21:22:12,346 [DEBUG]   Skipped: 'without helmet' is a NO-HELMET class
2026-06-18 21:22:12,497 [DEBUG]   Skipped: 'without helmet' is a NO-HELMET class
2026-06-18 21:22:12,595 [DEBUG]   Skipped: 'without helmet' is a NO-HELMET class
2026-06-18 21:22:12,747 [DEBUG]   Skipped: 'without helmet' is a NO-HELMET class
2026-06-18 21:22:12,875 [DEBUG]   Skipped: 'without helmet' is a NO-HELMET class
2026-06-18 21:22:13,022 [DEBUG]   Skipped: 'without helmet' is a NO-HELMET class
2026-06-18 21:22:13,147 [DEBUG]   Skipped: 'without helmet' is a NO-HELMET class
2026-06-18 21:22:13,275 [DEBUG]   Skipped: 'without helmet' is a NO-HELMET class
2026-06-18 21:22:13,403 [DEBUG]   Skipped: 'without helmet' is a NO-HELMET class
2026-06-18 21:22:13,553 [DEBUG]   Skipped: 'without helmet' is a NO-HELMET class
2026-06-18 21:22:13,673 [DEBUG]   Skipped: 'without helmet' is a NO-HELMET class
2026-06-18 21:22:13,802 [DEBUG]   Skipped: 'without helmet' is a NO-HELMET class
2026-06-18 21:22:13,927 [DEBUG]   Skipped: 'without helmet' is a NO-HELMET class
2026-06-18 21:22:14,070 [DEBUG]   Skipped: 'without helmet' is a NO-HELMET class
2026-06-18 21:22:14,203 [DEBUG]   Skipped: 'without helmet' is a NO-HELMET class
2026-06-18 21:22:14,332 [DEBUG]   Skipped: 'without helmet' is a NO-HELMET class
2026-06-18 21:22:14,461 [DEBUG]   Skipped: 'without helmet' is a NO-HELMET class
2026-06-18 21:22:14,604 [DEBUG]   Skipped: 'without helmet' is a NO-HELMET class
2026-06-18 21:22:14,732 [DEBUG]   Skipped: 'without helmet' is a NO-HELMET class
2026-06-18 21:22:14,868 [DEBUG]   Skipped: 'without helmet' is a NO-HELMET class
2026-06-18 21:22:15,133 [DEBUG]   Skipped: 'without helmet' is a NO-HELMET class
2026-06-18 21:22:15,255 [DEBUG]   Skipped: 'without helmet' is a NO-HELMET class
2026-06-18 21:22:15,513 [DEBUG]   Skipped: 'without helmet' is a NO-HELMET class
2026-06-18 21:22:15,661 [DEBUG]   Skipped: 'without helmet' is a NO-HELMET class
2026-06-18 21:22:15,770 [DEBUG]   Skipped: 'without helmet' is a NO-HELMET class
2026-06-18 21:22:15,873 [DEBUG]   Skipped: 'without helmet' is a NO-HELMET class
2026-06-18 21:22:15,983 [DEBUG]   Skipped: 'without helmet' is a NO-HELMET class
2026-06-18 21:22:15,985 [DEBUG]   Skipped: 'without helmet' is a NO-HELMET class
2026-06-18 21:22:16,103 [DEBUG]   Skipped: 'without helmet' is a NO-HELMET class
2026-06-18 21:22:16,215 [DEBUG]   Skipped: 'without helmet' is a NO-HELMET class
2026-06-18 21:22:16,317 [DEBUG]   Skipped: 'without helmet' is a NO-HELMET class
2026-06-18 21:22:16,319 [DEBUG]   Skipped: 'without helmet' is a NO-HELMET class
2026-06-18 21:22:16,430 [DEBUG]   Skipped: 'without helmet' is a NO-HELMET class
2026-06-18 21:22:16,534 [DEBUG]   Skipped: 'without helmet' is a NO-HELMET class
2026-06-18 21:22:16,638 [DEBUG]   Skipped: 'without helmet' is a NO-HELMET class
2026-06-18 21:22:16,784 [DEBUG]   Skipped: 'without helmet' is a NO-HELMET class
2026-06-18 21:22:16,915 [DEBUG]   Skipped: 'without helmet' is a NO-HELMET class
2026-06-18 21:22:17,034 [DEBUG]   Skipped: 'without helmet' is a NO-HELMET class
2026-06-18 21:22:17,160 [DEBUG]   Skipped: 'without helmet' is a NO-HELMET class
2026-06-18 21:22:17,273 [DEBUG]   Skipped: 'without helmet' is a NO-HELMET class
2026-06-18 21:22:17,372 [DEBUG]   Skipped: 'without helmet' is a NO-HELMET class
2026-06-18 21:22:17,509 [DEBUG]   Skipped: 'without helmet' is a NO-HELMET class
2026-06-18 21:22:17,623 [DEBUG]   Skipped: 'without helmet' is a NO-HELMET class
2026-06-18 21:22:17,769 [DEBUG]   Skipped: 'without helmet' is a NO-HELMET class
2026-06-18 21:22:17,897 [DEBUG]   Skipped: 'without helmet' is a NO-HELMET class
2026-06-18 21:22:30,605 [DEBUG]   Skipped: 'without helmet' is a NO-HELMET class
2026-06-18 21:22:30,729 [DEBUG]   Skipped: 'without helmet' is a NO-HELMET class
2026-06-18 21:22:31,133 [DEBUG]   Skipped: 'without helmet' is a NO-HELMET class
2026-06-18 21:22:31,134 [DEBUG]   Skipped: 'without helmet' is a NO-HELMET class
2026-06-18 21:22:31,257 [DEBUG]   Skipped: 'without helmet' is a NO-HELMET class
2026-06-18 21:22:31,259 [DEBUG]   Skipped: 'without helmet' is a NO-HELMET class
2026-06-18 21:22:31,361 [DEBUG]   Skipped: 'without helmet' is a NO-HELMET class
2026-06-18 21:22:31,363 [DEBUG]   Skipped: 'without helmet' is a NO-HELMET class
2026-06-18 21:22:31,468 [DEBUG]   Skipped: 'without helmet' is a NO-HELMET class
2026-06-18 21:22:31,596 [DEBUG]   Skipped: 'without helmet' is a NO-HELMET class
2026-06-18 21:22:31,725 [DEBUG]   Skipped: 'without helmet' is a NO-HELMET class
2026-06-18 21:22:31,863 [DEBUG]   Skipped: 'without helmet' is a NO-HELMET class
2026-06-18 21:22:31,997 [DEBUG]   Skipped: 'without helmet' is a NO-HELMET class
2026-06-18 21:22:32,124 [DEBUG]   Skipped: 'without helmet' is a NO-HELMET class
2026-06-18 21:22:32,251 [DEBUG]   Skipped: 'without helmet' is a NO-HELMET class
2026-06-18 21:22:32,395 [DEBUG]   Skipped: 'without helmet' is a NO-HELMET class
2026-06-18 21:22:32,525 [DEBUG]   Skipped: 'without helmet' is a NO-HELMET class
2026-06-18 21:22:32,648 [DEBUG]   Skipped: 'without helmet' is a NO-HELMET class
2026-06-18 21:22:32,777 [DEBUG]   Skipped: 'without helmet' is a NO-HELMET class
2026-06-18 21:22:32,923 [DEBUG]   Skipped: 'without helmet' is a NO-HELMET class
2026-06-18 21:22:33,052 [DEBUG]   Skipped: 'without helmet' is a NO-HELMET class
2026-06-18 21:22:33,179 [DEBUG]   Skipped: 'without helmet' is a NO-HELMET class
2026-06-18 21:22:33,309 [DEBUG]   Skipped: 'without helmet' is a NO-HELMET class
2026-06-18 21:22:33,457 [DEBUG]   Skipped: 'without helmet' is a NO-HELMET class
2026-06-18 21:22:33,581 [DEBUG]   Skipped: 'without helmet' is a NO-HELMET class
2026-06-18 21:22:33,708 [DEBUG]   Skipped: 'without helmet' is a NO-HELMET class
2026-06-18 21:22:33,835 [DEBUG]   Skipped: 'without helmet' is a NO-HELMET class
2026-06-18 21:22:33,978 [DEBUG]   Skipped: 'without helmet' is a NO-HELMET class
2026-06-18 21:22:34,109 [DEBUG]   Skipped: 'without helmet' is a NO-HELMET class
2026-06-18 21:22:39,198 [DEBUG]   Skipped: 'without helmet' is a NO-HELMET class
2026-06-18 21:22:39,326 [DEBUG]   Skipped: 'without helmet' is a NO-HELMET class
2026-06-18 21:22:39,452 [DEBUG]   Skipped: 'without helmet' is a NO-HELMET class
2026-06-18 21:22:39,454 [DEBUG]   Skipped: 'without helmet' is a NO-HELMET class
2026-06-18 21:22:39,581 [DEBUG]   Skipped: 'without helmet' is a NO-HELMET class
2026-06-18 21:22:39,835 [DEBUG]   Skipped: 'without helmet' is a NO-HELMET class
2026-06-18 21:22:39,979 [DEBUG]   Skipped: 'without helmet' is a NO-HELMET class
2026-06-18 21:22:40,108 [DEBUG]   Skipped: 'without helmet' is a NO-HELMET class
2026-06-18 21:22:40,250 [DEBUG]   Skipped: 'without helmet' is a NO-HELMET class
2026-06-18 21:22:40,386 [DEBUG]   Skipped: 'without helmet' is a NO-HELMET class
2026-06-18 21:22:40,503 [DEBUG]   Skipped: 'without helmet' is a NO-HELMET class
2026-06-18 21:22:40,633 [DEBUG]   Skipped: 'without helmet' is a NO-HELMET class
2026-06-18 21:22:40,774 [DEBUG]   Skipped: 'without helmet' is a NO-HELMET class
2026-06-18 21:22:40,907 [DEBUG]   Skipped: 'without helmet' is a NO-HELMET class
2026-06-18 21:22:41,033 [DEBUG]   Skipped: 'without helmet' is a NO-HELMET class
2026-06-18 21:22:41,160 [DEBUG]   Skipped: 'without helmet' is a NO-HELMET class
2026-06-18 21:22:41,307 [DEBUG]   Skipped: 'without helmet' is a NO-HELMET class
2026-06-18 21:22:41,437 [DEBUG]   Skipped: 'without helmet' is a NO-HELMET class
2026-06-18 21:22:41,566 [DEBUG]   Skipped: 'without helmet' is a NO-HELMET class
2026-06-18 21:22:41,691 [DEBUG]   Skipped: 'without helmet' is a NO-HELMET class
2026-06-18 21:22:41,837 [DEBUG]   Skipped: 'without helmet' is a NO-HELMET class
2026-06-18 21:22:41,941 [DEBUG]   Skipped: 'without helmet' is a NO-HELMET class
2026-06-18 21:22:42,092 [DEBUG]   Skipped: 'without helmet' is a NO-HELMET class
2026-06-18 21:22:42,220 [DEBUG]   Skipped: 'without helmet' is a NO-HELMET class
2026-06-18 21:22:42,368 [DEBUG]   Skipped: 'without helmet' is a NO-HELMET class
2026-06-18 21:22:42,496 [DEBUG]   Skipped: 'without helmet' is a NO-HELMET class
2026-06-18 21:22:42,616 [DEBUG]   Skipped: 'without helmet' is a NO-HELMET class
2026-06-18 21:22:42,748 [DEBUG]   Skipped: 'without helmet' is a NO-HELMET class
2026-06-18 21:22:42,887 [DEBUG]   Skipped: 'without helmet' is a NO-HELMET class
2026-06-18 21:22:43,023 [DEBUG]   Skipped: 'without helmet' is a NO-HELMET class
2026-06-18 21:22:43,143 [DEBUG]   Skipped: 'without helmet' is a NO-HELMET class
2026-06-18 21:22:43,279 [DEBUG]   Skipped: 'without helmet' is a NO-HELMET class
2026-06-18 21:22:43,421 [DEBUG]   Skipped: 'without helmet' is a NO-HELMET class
2026-06-18 21:22:43,549 [DEBUG]   Skipped: 'without helmet' is a NO-HELMET class
2026-06-18 21:22:43,672 [DEBUG]   Skipped: 'without helmet' is a NO-HELMET class
2026-06-18 21:22:43,808 [DEBUG]   Skipped: 'without helmet' is a NO-HELMET class
2026-06-18 21:22:43,947 [DEBUG]   Skipped: 'without helmet' is a NO-HELMET class
2026-06-18 21:22:44,074 [DEBUG]   Skipped: 'without helmet' is a NO-HELMET class
2026-06-18 21:22:44,197 [DEBUG]   Skipped: 'without helmet' is a NO-HELMET class
2026-06-18 21:22:44,328 [DEBUG]   Skipped: 'without helmet' is a NO-HELMET class
2026-06-18 21:22:44,472 [DEBUG]   Skipped: 'without helmet' is a NO-HELMET class
2026-06-18 21:22:44,599 [DEBUG]   Skipped: 'without helmet' is a NO-HELMET class
2026-06-18 21:22:44,730 [DEBUG]   Skipped: 'without helmet' is a NO-HELMET class
2026-06-18 21:22:44,858 [DEBUG]   Skipped: 'without helmet' is a NO-HELMET class
2026-06-18 21:22:45,001 [DEBUG]   Skipped: 'without helmet' is a NO-HELMET class
2026-06-18 21:22:45,130 [DEBUG]   Skipped: 'without helmet' is a NO-HELMET class
2026-06-18 21:22:45,265 [DEBUG]   Skipped: 'without helmet' is a NO-HELMET class
2026-06-18 21:22:45,384 [DEBUG]   Skipped: 'without helmet' is a NO-HELMET class
2026-06-18 21:22:45,532 [DEBUG]   Skipped: 'without helmet' is a NO-HELMET class
2026-06-18 21:22:45,661 [DEBUG]   Skipped: 'without helmet' is a NO-HELMET class
2026-06-18 21:22:45,786 [DEBUG]   Skipped: 'without helmet' is a NO-HELMET class
2026-06-18 21:22:45,922 [DEBUG]   Skipped: 'without helmet' is a NO-HELMET class
2026-06-18 21:22:46,069 [DEBUG]   Skipped: 'without helmet' is a NO-HELMET class
2026-06-18 21:22:46,193 [DEBUG]   Skipped: 'without helmet' is a NO-HELMET class
2026-06-18 21:22:46,326 [DEBUG]   Skipped: 'without helmet' is a NO-HELMET class
2026-06-18 21:22:46,449 [DEBUG]   Skipped: 'without helmet' is a NO-HELMET class
2026-06-18 21:22:46,596 [DEBUG]   Skipped: 'without helmet' is a NO-HELMET class
2026-06-18 21:22:46,720 [DEBUG]   Skipped: 'without helmet' is a NO-HELMET class
2026-06-18 21:22:46,850 [DEBUG]   Skipped: 'without helmet' is a NO-HELMET class
2026-06-18 21:22:46,974 [DEBUG]   Skipped: 'without helmet' is a NO-HELMET class
2026-06-18 21:22:47,121 [DEBUG]   Skipped: 'without helmet' is a NO-HELMET class
2026-06-18 21:22:47,248 [DEBUG]   Skipped: 'without helmet' is a NO-HELMET class
2026-06-18 21:22:47,378 [DEBUG]   Skipped: 'without helmet' is a NO-HELMET class
2026-06-18 21:22:47,503 [DEBUG]   Skipped: 'without helmet' is a NO-HELMET class
2026-06-18 21:22:47,642 [DEBUG]   Skipped: 'without helmet' is a NO-HELMET class
2026-06-18 21:22:47,774 [DEBUG]   Skipped: 'without helmet' is a NO-HELMET class
2026-06-18 21:22:47,897 [DEBUG]   Skipped: 'without helmet' is a NO-HELMET class
2026-06-18 21:22:48,029 [DEBUG]   Skipped: 'without helmet' is a NO-HELMET class
2026-06-18 21:22:48,132 [DEBUG]   Skipped: 'without helmet' is a NO-HELMET class
2026-06-18 21:22:48,234 [DEBUG]   Skipped: 'without helmet' is a NO-HELMET class
2026-06-18 21:22:48,364 [DEBUG]   Skipped: 'without helmet' is a NO-HELMET class
2026-06-18 21:22:48,493 [DEBUG]   Skipped: 'without helmet' is a NO-HELMET class
2026-06-18 21:22:48,637 [DEBUG]   Skipped: 'without helmet' is a NO-HELMET class
2026-06-18 21:22:48,778 [DEBUG]   Skipped: 'without helmet' is a NO-HELMET class
2026-06-18 21:22:48,893 [DEBUG]   Skipped: 'without helmet' is a NO-HELMET class
2026-06-18 21:22:49,020 [DEBUG]   Skipped: 'without helmet' is a NO-HELMET class
2026-06-18 21:22:49,161 [DEBUG]   Skipped: 'without helmet' is a NO-HELMET class
2026-06-18 21:22:49,290 [DEBUG]   Skipped: 'without helmet' is a NO-HELMET class
2026-06-18 21:22:49,420 [DEBUG]   Skipped: 'without helmet' is a NO-HELMET class
2026-06-18 21:22:49,550 [DEBUG]   Skipped: 'without helmet' is a NO-HELMET class
2026-06-18 21:22:49,691 [DEBUG]   Skipped: 'without helmet' is a NO-HELMET class
2026-06-18 21:22:49,821 [DEBUG]   Skipped: 'without helmet' is a NO-HELMET class
2026-06-18 21:22:51,271 [DEBUG]   Skipped: 'without helmet' is a NO-HELMET class
2026-06-18 21:22:51,417 [DEBUG]   Skipped: 'without helmet' is a NO-HELMET class
2026-06-18 21:22:51,536 [DEBUG]   Skipped: 'without helmet' is a NO-HELMET class
2026-06-18 21:22:51,659 [DEBUG]   Skipped: 'without helmet' is a NO-HELMET class
2026-06-18 21:22:51,806 [DEBUG]   Skipped: 'without helmet' is a NO-HELMET class
2026-06-18 21:22:51,917 [DEBUG]   Skipped: 'without helmet' is a NO-HELMET class
2026-06-18 21:22:52,018 [DEBUG]   Skipped: 'without helmet' is a NO-HELMET class
2026-06-18 21:22:52,526 [DEBUG]   Skipped: 'without helmet' is a NO-HELMET class
2026-06-18 21:22:52,651 [DEBUG]   Skipped: 'without helmet' is a NO-HELMET class
2026-06-18 21:22:52,921 [DEBUG]   Skipped: 'without helmet' is a NO-HELMET class
2026-06-18 21:22:53,181 [DEBUG]   Skipped: 'without helmet' is a NO-HELMET class
2026-06-18 21:22:53,326 [DEBUG]   Skipped: 'without helmet' is a NO-HELMET class
2026-06-18 21:22:53,439 [DEBUG]   Skipped: 'without helmet' is a NO-HELMET class
2026-06-18 21:22:53,555 [DEBUG]   Skipped: 'without helmet' is a NO-HELMET class
2026-06-18 21:22:53,851 [DEBUG]   Skipped: 'without helmet' is a NO-HELMET class
2026-06-18 21:22:56,093 [DEBUG]   Skipped: 'without helmet' is a NO-HELMET class
2026-06-18 21:22:56,326 [DEBUG]   Skipped: 'without helmet' is a NO-HELMET class
2026-06-18 21:22:56,427 [DEBUG]   Skipped: 'without helmet' is a NO-HELMET class
2026-06-18 21:22:56,558 [DEBUG]   Skipped: 'without helmet' is a NO-HELMET class
2026-06-18 21:22:56,686 [DEBUG]   Skipped: 'without helmet' is a NO-HELMET class
2026-06-18 21:22:56,814 [DEBUG]   Skipped: 'without helmet' is a NO-HELMET class
2026-06-18 21:22:56,938 [DEBUG]   Skipped: 'without helmet' is a NO-HELMET class
2026-06-18 21:22:57,086 [DEBUG]   Skipped: 'without helmet' is a NO-HELMET class
2026-06-18 21:22:57,189 [DEBUG]   Skipped: 'without helmet' is a NO-HELMET class
2026-06-18 21:22:57,297 [DEBUG]   Skipped: 'without helmet' is a NO-HELMET class
2026-06-18 21:22:57,405 [DEBUG]   Skipped: 'without helmet' is a NO-HELMET class
2026-06-18 21:22:57,545 [DEBUG]   Skipped: 'without helmet' is a NO-HELMET class
2026-06-18 21:22:57,673 [DEBUG]   Skipped: 'without helmet' is a NO-HELMET class
2026-06-18 21:22:57,803 [DEBUG]   Skipped: 'without helmet' is a NO-HELMET class
2026-06-18 21:22:57,931 [DEBUG]   Skipped: 'without helmet' is a NO-HELMET class
2026-06-18 21:22:58,078 [DEBUG]   Skipped: 'without helmet' is a NO-HELMET class
2026-06-18 21:22:58,206 [DEBUG]   Skipped: 'without helmet' is a NO-HELMET class
2026-06-18 21:22:58,730 [DEBUG]   Skipped: 'without helmet' is a NO-HELMET class
2026-06-18 21:22:58,905 [DEBUG]   Skipped: 'without helmet' is a NO-HELMET class
2026-06-18 21:22:59,019 [DEBUG]   Skipped: 'without helmet' is a NO-HELMET class
2026-06-18 21:22:59,133 [DEBUG]   Skipped: 'without helmet' is a NO-HELMET class
2026-06-18 21:22:59,257 [DEBUG]   Skipped: 'without helmet' is a NO-HELMET class
2026-06-18 21:22:59,389 [DEBUG]   Skipped: 'without helmet' is a NO-HELMET class
2026-06-18 21:22:59,520 [DEBUG]   Skipped: 'without helmet' is a NO-HELMET class
2026-06-18 21:22:59,660 [DEBUG]   Skipped: 'without helmet' is a NO-HELMET class
2026-06-18 21:22:59,793 [DEBUG]   Skipped: 'without helmet' is a NO-HELMET class
2026-06-18 21:22:59,916 [DEBUG]   Skipped: 'without helmet' is a NO-HELMET class
2026-06-18 21:23:00,047 [DEBUG]   Skipped: 'without helmet' is a NO-HELMET class
2026-06-18 21:23:00,188 [DEBUG]   Skipped: 'without helmet' is a NO-HELMET class
2026-06-18 21:23:00,316 [DEBUG]   Skipped: 'without helmet' is a NO-HELMET class
2026-06-18 21:23:00,446 [DEBUG]   Skipped: 'without helmet' is a NO-HELMET class
2026-06-18 21:23:00,585 [DEBUG]   Skipped: 'without helmet' is a NO-HELMET class
2026-06-18 21:23:00,587 [DEBUG]   Skipped: 'without helmet' is a NO-HELMET class
2026-06-18 21:23:01,034 [DEBUG]   Skipped: 'without helmet' is a NO-HELMET class
2026-06-18 21:23:01,178 [DEBUG]   Skipped: 'without helmet' is a NO-HELMET class
2026-06-18 21:23:01,271 [DEBUG]   Skipped: 'without helmet' is a NO-HELMET class
2026-06-18 21:23:01,363 [DEBUG]   Skipped: 'without helmet' is a NO-HELMET class
2026-06-18 21:23:01,462 [DEBUG]   Skipped: 'without helmet' is a NO-HELMET class
2026-06-18 21:23:01,464 [DEBUG]   Skipped: 'without helmet' is a NO-HELMET class
2026-06-18 21:23:01,585 [DEBUG]   Skipped: 'without helmet' is a NO-HELMET class
2026-06-18 21:23:01,718 [DEBUG]   Skipped: 'without helmet' is a NO-HELMET class
2026-06-18 21:23:01,844 [DEBUG]   Skipped: 'without helmet' is a NO-HELMET class
2026-06-18 21:23:01,966 [DEBUG]   Skipped: 'without helmet' is a NO-HELMET class
2026-06-18 21:23:02,283 [DEBUG]   Skipped: 'without helmet' is a NO-HELMET class
2026-06-18 21:23:02,396 [DEBUG]   Skipped: 'without helmet' is a NO-HELMET class
2026-06-18 21:23:02,504 [DEBUG]   Skipped: 'without helmet' is a NO-HELMET class
2026-06-18 21:23:02,623 [DEBUG]   Skipped: 'without helmet' is a NO-HELMET class
2026-06-18 21:23:02,766 [DEBUG]   Skipped: 'without helmet' is a NO-HELMET class
2026-06-18 21:23:02,894 [DEBUG]   Skipped: 'without helmet' is a NO-HELMET class
2026-06-18 21:23:03,028 [DEBUG]   Skipped: 'without helmet' is a NO-HELMET class
2026-06-18 21:23:03,154 [DEBUG]   Skipped: 'without helmet' is a NO-HELMET class
2026-06-18 21:23:03,304 [DEBUG]   Skipped: 'without helmet' is a NO-HELMET class
2026-06-18 21:23:03,426 [DEBUG]   Skipped: 'without helmet' is a NO-HELMET class
2026-06-18 21:23:03,560 [DEBUG]   Skipped: 'without helmet' is a NO-HELMET class
2026-06-18 21:23:03,677 [DEBUG]   Skipped: 'without helmet' is a NO-HELMET class
2026-06-18 21:23:03,866 [DEBUG]   Skipped: 'without helmet' is a NO-HELMET class
2026-06-18 21:23:03,959 [DEBUG]   Skipped: 'without helmet' is a NO-HELMET class
2026-06-18 21:23:04,085 [DEBUG]   Skipped: 'without helmet' is a NO-HELMET class
2026-06-18 21:23:04,200 [DEBUG]   Skipped: 'without helmet' is a NO-HELMET class
2026-06-18 21:23:04,325 [DEBUG]   Skipped: 'without helmet' is a NO-HELMET class
2026-06-18 21:23:04,424 [DEBUG]   Skipped: 'without helmet' is a NO-HELMET class
2026-06-18 21:23:04,526 [DEBUG]   Skipped: 'without helmet' is a NO-HELMET class
2026-06-18 21:23:04,651 [DEBUG]   Skipped: 'without helmet' is a NO-HELMET class
2026-06-18 21:23:04,740 [DEBUG]   Skipped: 'without helmet' is a NO-HELMET class
2026-06-18 21:23:04,840 [DEBUG]   Skipped: 'without helmet' is a NO-HELMET class
2026-06-18 21:23:04,952 [DEBUG]   Skipped: 'without helmet' is a NO-HELMET class
2026-06-18 21:23:05,088 [DEBUG]   Skipped: 'without helmet' is a NO-HELMET class
2026-06-18 21:23:05,196 [DEBUG]   Skipped: 'without helmet' is a NO-HELMET class
2026-06-18 21:23:05,296 [DEBUG]   Skipped: 'without helmet' is a NO-HELMET class
2026-06-18 21:23:05,411 [DEBUG]   Skipped: 'without helmet' is a NO-HELMET class
2026-06-18 21:23:05,512 [DEBUG]   Skipped: 'without helmet' is a NO-HELMET class
2026-06-18 21:23:05,799 [DEBUG]   Skipped: 'without helmet' is a NO-HELMET class
2026-06-18 21:23:05,938 [DEBUG]   Skipped: 'without helmet' is a NO-HELMET class
2026-06-18 21:23:06,043 [DEBUG]   Skipped: 'without helmet' is a NO-HELMET class
2026-06-18 21:23:06,151 [DEBUG]   Skipped: 'without helmet' is a NO-HELMET class
2026-06-18 21:23:06,259 [DEBUG]   Skipped: 'without helmet' is a NO-HELMET class
2026-06-18 21:23:06,391 [DEBUG]   Skipped: 'without helmet' is a NO-HELMET class
2026-06-18 21:23:06,482 [INFO] Interrupted
2026-06-18 21:23:06,798 [INFO] Shutdown complete
2026-06-19 19:49:28,654 [INFO] ============================================================
2026-06-19 19:49:28,657 [INFO]   Smart Helmet Ignition System v3 — Starting
2026-06-19 19:49:28,660 [INFO] ============================================================
2026-06-19 19:49:28,661 [INFO] Loading model: models/helmet_yolov8n.pt
2026-06-19 19:49:29,135 [INFO] Model loaded. Class names:
2026-06-19 19:49:29,152 [INFO] Helmet class IDs auto-detected: {0, 1}
2026-06-19 19:49:36,390 [INFO] Camera ready. Starting detection loop...
2026-06-19 19:49:36,391 [INFO] Press Q to quit | S to save screenshot
2026-06-19 19:49:37,371 [DEBUG]   Skipped: 'without helmet' is a NO-HELMET class
2026-06-19 19:49:37,551 [DEBUG]   Skipped: 'without helmet' is a NO-HELMET class
2026-06-19 19:49:37,661 [DEBUG]   Skipped: 'without helmet' is a NO-HELMET class
2026-06-19 19:49:37,774 [DEBUG]   Skipped: 'without helmet' is a NO-HELMET class
2026-06-19 19:49:37,877 [DEBUG]   Skipped: 'without helmet' is a NO-HELMET class
2026-06-19 19:49:38,002 [DEBUG]   Skipped: 'without helmet' is a NO-HELMET class
2026-06-19 19:49:38,101 [DEBUG]   Skipped: 'without helmet' is a NO-HELMET class
2026-06-19 19:49:38,212 [DEBUG]   Skipped: 'without helmet' is a NO-HELMET class
2026-06-19 19:49:38,390 [DEBUG]   Skipped: 'without helmet' is a NO-HELMET class
2026-06-19 19:49:38,492 [DEBUG]   Skipped: 'without helmet' is a NO-HELMET class
2026-06-19 19:49:38,594 [DEBUG]   Skipped: 'without helmet' is a NO-HELMET class
2026-06-19 19:49:38,694 [DEBUG]   Skipped: 'without helmet' is a NO-HELMET class
2026-06-19 19:49:38,840 [DEBUG]   Skipped: 'without helmet' is a NO-HELMET class
2026-06-19 19:49:38,987 [DEBUG]   Skipped: 'without helmet' is a NO-HELMET class
2026-06-19 19:49:39,147 [DEBUG]   Skipped: 'without helmet' is a NO-HELMET class
2026-06-19 19:49:39,246 [DEBUG]   Skipped: 'without helmet' is a NO-HELMET class
2026-06-19 19:49:39,381 [DEBUG]   Skipped: 'without helmet' is a NO-HELMET class
2026-06-19 19:49:39,476 [DEBUG]   Skipped: 'without helmet' is a NO-HELMET class
2026-06-19 19:49:39,596 [DEBUG]   Skipped: 'without helmet' is a NO-HELMET class
2026-06-19 19:49:39,729 [DEBUG]   Skipped: 'without helmet' is a NO-HELMET class
2026-06-19 19:49:39,823 [DEBUG]   Skipped: 'without helmet' is a NO-HELMET class
2026-06-19 19:49:39,926 [DEBUG]   Skipped: 'without helmet' is a NO-HELMET class
2026-06-19 19:49:40,049 [DEBUG]   Skipped: 'without helmet' is a NO-HELMET class
2026-06-19 19:49:40,148 [DEBUG]   Skipped: 'without helmet' is a NO-HELMET class
2026-06-19 19:49:40,266 [DEBUG]   Skipped: 'without helmet' is a NO-HELMET class
2026-06-19 19:49:40,416 [DEBUG]   Skipped: 'without helmet' is a NO-HELMET class
2026-06-19 19:49:40,509 [DEBUG]   Skipped: 'without helmet' is a NO-HELMET class
2026-06-19 19:49:40,638 [DEBUG]   Skipped: 'without helmet' is a NO-HELMET class
2026-06-19 19:49:40,760 [DEBUG]   Skipped: 'without helmet' is a NO-HELMET class
2026-06-19 19:49:40,861 [DEBUG]   Skipped: 'without helmet' is a NO-HELMET class
2026-06-19 19:49:40,978 [DEBUG]   Skipped: 'without helmet' is a NO-HELMET class
2026-06-19 19:49:41,070 [DEBUG]   Skipped: 'without helmet' is a NO-HELMET class
2026-06-19 19:49:41,177 [DEBUG]   Skipped: 'without helmet' is a NO-HELMET class
2026-06-19 19:49:41,284 [DEBUG]   Skipped: 'without helmet' is a NO-HELMET class
2026-06-19 19:49:41,393 [DEBUG]   Skipped: 'without helmet' is a NO-HELMET class
2026-06-19 19:49:41,501 [DEBUG]   Skipped: 'without helmet' is a NO-HELMET class
2026-06-19 19:49:41,601 [DEBUG]   Skipped: 'without helmet' is a NO-HELMET class
2026-06-19 19:49:41,705 [DEBUG]   Skipped: 'without helmet' is a NO-HELMET class
2026-06-19 19:49:41,844 [DEBUG]   Skipped: 'without helmet' is a NO-HELMET class
2026-06-19 19:49:41,964 [DEBUG]   Skipped: 'without helmet' is a NO-HELMET class
2026-06-19 19:49:42,085 [DEBUG]   Skipped: 'without helmet' is a NO-HELMET class
2026-06-19 19:49:42,186 [DEBUG]   Skipped: 'without helmet' is a NO-HELMET class
2026-06-19 19:49:42,297 [DEBUG]   Skipped: 'without helmet' is a NO-HELMET class
2026-06-19 19:49:42,404 [DEBUG]   Skipped: 'without helmet' is a NO-HELMET class
2026-06-19 19:49:42,557 [DEBUG]   Skipped: 'without helmet' is a NO-HELMET class
2026-06-19 19:49:42,661 [DEBUG]   Skipped: 'without helmet' is a NO-HELMET class
2026-06-19 19:49:42,766 [DEBUG]   Skipped: 'without helmet' is a NO-HELMET class
2026-06-19 19:49:42,865 [DEBUG]   Skipped: 'without helmet' is a NO-HELMET class
2026-06-19 19:49:42,966 [DEBUG]   Skipped: 'without helmet' is a NO-HELMET class
2026-06-19 19:49:43,077 [DEBUG]   Skipped: 'without helmet' is a NO-HELMET class
2026-06-19 19:49:43,174 [DEBUG]   Skipped: 'without helmet' is a NO-HELMET class
2026-06-19 19:49:43,279 [DEBUG]   Skipped: 'without helmet' is a NO-HELMET class
2026-06-19 19:49:43,432 [DEBUG]   Skipped: 'without helmet' is a NO-HELMET class
2026-06-19 19:49:43,522 [DEBUG]   Skipped: 'without helmet' is a NO-HELMET class
2026-06-19 19:49:43,634 [DEBUG]   Skipped: 'without helmet' is a NO-HELMET class
2026-06-19 19:49:43,734 [DEBUG]   Skipped: 'without helmet' is a NO-HELMET class
2026-06-19 19:49:43,844 [DEBUG]   Skipped: 'without helmet' is a NO-HELMET class
2026-06-19 19:49:43,966 [DEBUG]   Skipped: 'without helmet' is a NO-HELMET class
2026-06-19 19:49:44,062 [DEBUG]   Skipped: 'without helmet' is a NO-HELMET class
2026-06-19 19:49:44,219 [DEBUG]   Skipped: 'without helmet' is a NO-HELMET class
2026-06-19 19:49:44,316 [DEBUG]   Skipped: 'without helmet' is a NO-HELMET class
2026-06-19 19:49:44,417 [DEBUG]   Skipped: 'without helmet' is a NO-HELMET class
2026-06-19 19:49:44,543 [DEBUG]   Skipped: 'without helmet' is a NO-HELMET class
2026-06-19 19:49:44,635 [DEBUG]   Skipped: 'without helmet' is a NO-HELMET class
2026-06-19 19:49:44,793 [DEBUG]   Skipped: 'without helmet' is a NO-HELMET class
2026-06-19 19:49:44,904 [DEBUG]   Skipped: 'without helmet' is a NO-HELMET class
2026-06-19 19:49:45,005 [DEBUG]   Skipped: 'without helmet' is a NO-HELMET class
2026-06-19 19:49:45,128 [DEBUG]   Skipped: 'without helmet' is a NO-HELMET class
2026-06-19 19:49:45,247 [DEBUG]   Skipped: 'without helmet' is a NO-HELMET class
2026-06-19 19:49:45,398 [DEBUG]   Skipped: 'without helmet' is a NO-HELMET class
2026-06-19 19:49:45,570 [DEBUG]   Skipped: 'without helmet' is a NO-HELMET class
2026-06-19 19:49:45,696 [DEBUG]   Skipped: 'without helmet' is a NO-HELMET class
2026-06-19 19:49:45,794 [DEBUG]   Skipped: 'without helmet' is a NO-HELMET class
2026-06-19 19:49:45,914 [DEBUG]   Skipped: 'without helmet' is a NO-HELMET class
2026-06-19 19:49:46,016 [DEBUG]   Skipped: 'without helmet' is a NO-HELMET class
2026-06-19 19:49:46,150 [DEBUG]   Skipped: 'without helmet' is a NO-HELMET class
2026-06-19 19:49:46,243 [DEBUG]   Skipped: 'without helmet' is a NO-HELMET class
2026-06-19 19:49:46,382 [DEBUG]   Skipped: 'without helmet' is a NO-HELMET class
2026-06-19 19:49:46,483 [DEBUG]   Skipped: 'without helmet' is a NO-HELMET class
2026-06-19 19:49:46,590 [DEBUG]   Skipped: 'without helmet' is a NO-HELMET class
2026-06-19 19:49:46,694 [DEBUG]   Skipped: 'without helmet' is a NO-HELMET class
2026-06-19 19:49:46,843 [DEBUG]   Skipped: 'without helmet' is a NO-HELMET class
2026-06-19 19:49:46,964 [DEBUG]   Skipped: 'without helmet' is a NO-HELMET class
2026-06-19 19:49:47,065 [DEBUG]   Skipped: 'without helmet' is a NO-HELMET class
2026-06-19 19:49:47,173 [DEBUG]   Skipped: 'without helmet' is a NO-HELMET class
2026-06-19 19:49:47,273 [DEBUG]   Skipped: 'without helmet' is a NO-HELMET class
2026-06-19 19:49:47,381 [DEBUG]   Skipped: 'without helmet' is a NO-HELMET class
2026-06-19 19:49:47,569 [DEBUG]   Skipped: 'without helmet' is a NO-HELMET class
2026-06-19 19:49:47,681 [DEBUG]   Skipped: 'without helmet' is a NO-HELMET class
2026-06-19 19:49:47,776 [DEBUG]   Skipped: 'without helmet' is a NO-HELMET class
2026-06-19 19:49:47,901 [DEBUG]   Skipped: 'without helmet' is a NO-HELMET class
2026-06-19 19:49:48,016 [DEBUG]   Skipped: 'without helmet' is a NO-HELMET class
2026-06-19 19:49:48,126 [DEBUG]   Skipped: 'without helmet' is a NO-HELMET class
2026-06-19 19:49:48,212 [DEBUG]   Skipped: 'without helmet' is a NO-HELMET class
2026-06-19 19:49:48,352 [DEBUG]   Skipped: 'without helmet' is a NO-HELMET class
2026-06-19 19:49:48,464 [DEBUG]   Skipped: 'without helmet' is a NO-HELMET class
2026-06-19 19:49:52,383 [DEBUG]   Skipped: 'without helmet' is a NO-HELMET class
2026-06-19 19:49:52,489 [DEBUG]   Skipped: 'without helmet' is a NO-HELMET class
2026-06-19 19:49:52,595 [DEBUG]   Skipped: 'without helmet' is a NO-HELMET class
2026-06-19 19:49:52,718 [DEBUG]   Skipped: 'without helmet' is a NO-HELMET class
2026-06-19 19:49:52,838 [DEBUG]   Skipped: 'without helmet' is a NO-HELMET class
2026-06-19 19:49:52,944 [DEBUG]   Skipped: 'without helmet' is a NO-HELMET class
2026-06-19 19:49:53,047 [DEBUG]   Skipped: 'without helmet' is a NO-HELMET class
2026-06-19 19:49:53,148 [DEBUG]   Skipped: 'without helmet' is a NO-HELMET class
2026-06-19 19:49:53,270 [DEBUG]   Skipped: 'without helmet' is a NO-HELMET class
2026-06-19 19:49:53,381 [DEBUG]   Skipped: 'without helmet' is a NO-HELMET class
2026-06-19 19:49:53,490 [DEBUG]   Skipped: 'without helmet' is a NO-HELMET class
2026-06-19 19:49:53,596 [DEBUG]   Skipped: 'without helmet' is a NO-HELMET class
2026-06-19 19:49:53,695 [DEBUG]   Skipped: 'without helmet' is a NO-HELMET class
2026-06-19 19:49:53,856 [DEBUG]   Skipped: 'without helmet' is a NO-HELMET class
2026-06-19 19:49:53,967 [DEBUG]   Skipped: 'without helmet' is a NO-HELMET class
2026-06-19 19:49:54,071 [DEBUG]   Skipped: 'without helmet' is a NO-HELMET class
2026-06-19 19:49:54,189 [DEBUG]   Skipped: 'without helmet' is a NO-HELMET class
2026-06-19 19:49:54,281 [DEBUG]   Skipped: 'without helmet' is a NO-HELMET class
2026-06-19 19:49:54,420 [DEBUG]   Skipped: 'without helmet' is a NO-HELMET class
2026-06-19 19:49:54,557 [DEBUG]   Skipped: 'without helmet' is a NO-HELMET class
2026-06-19 19:49:54,655 [DEBUG]   Skipped: 'without helmet' is a NO-HELMET class
2026-06-19 19:49:54,765 [DEBUG]   Skipped: 'without helmet' is a NO-HELMET class
2026-06-19 19:49:54,918 [DEBUG]   Skipped: 'without helmet' is a NO-HELMET class
2026-06-19 19:49:55,015 [DEBUG]   Skipped: 'without helmet' is a NO-HELMET class
2026-06-19 19:49:55,339 [DEBUG]   Skipped: 'without helmet' is a NO-HELMET class
2026-06-19 19:49:55,444 [DEBUG]   Skipped: 'without helmet' is a NO-HELMET class
2026-06-19 19:49:55,556 [DEBUG]   Skipped: 'without helmet' is a NO-HELMET class
2026-06-19 19:49:55,693 [DEBUG]   Skipped: 'without helmet' is a NO-HELMET class
2026-06-19 19:49:55,797 [DEBUG]   Skipped: 'without helmet' is a NO-HELMET class
2026-06-19 19:49:57,216 [DEBUG]   Skipped: 'without helmet' is a NO-HELMET class
2026-06-19 19:49:57,334 [DEBUG]   Skipped: 'without helmet' is a NO-HELMET class
2026-06-19 19:49:57,643 [DEBUG]   Skipped: 'without helmet' is a NO-HELMET class
2026-06-19 19:49:57,740 [DEBUG]   Skipped: 'without helmet' is a NO-HELMET class
2026-06-19 19:49:57,867 [DEBUG]   Skipped: 'without helmet' is a NO-HELMET class
2026-06-19 19:49:57,955 [DEBUG]   Skipped: 'without helmet' is a NO-HELMET class
2026-06-19 19:49:58,093 [DEBUG]   Skipped: 'without helmet' is a NO-HELMET class
2026-06-19 19:49:58,190 [DEBUG]   Skipped: 'without helmet' is a NO-HELMET class
2026-06-19 19:49:58,285 [DEBUG]   Skipped: 'without helmet' is a NO-HELMET class
2026-06-19 19:49:58,732 [DEBUG]   Skipped: 'without helmet' is a NO-HELMET class
2026-06-19 19:49:58,945 [DEBUG]   Skipped: 'without helmet' is a NO-HELMET class
2026-06-19 19:49:59,309 [DEBUG]   Skipped: 'without helmet' is a NO-HELMET class
2026-06-19 19:49:59,452 [DEBUG]   Skipped: 'without helmet' is a NO-HELMET class
2026-06-19 19:49:59,561 [DEBUG]   Skipped: 'without helmet' is a NO-HELMET class
2026-06-19 19:49:59,699 [DEBUG]   Skipped: 'without helmet' is a NO-HELMET class
2026-06-19 19:49:59,802 [DEBUG]   Skipped: 'without helmet' is a NO-HELMET class
2026-06-19 19:49:59,904 [DEBUG]   Skipped: 'without helmet' is a NO-HELMET class
2026-06-19 19:50:00,010 [DEBUG]   Skipped: 'without helmet' is a NO-HELMET class
2026-06-19 19:50:00,139 [DEBUG]   Skipped: 'without helmet' is a NO-HELMET class
2026-06-19 19:50:00,241 [DEBUG]   Skipped: 'without helmet' is a NO-HELMET class
2026-06-19 19:50:01,335 [DEBUG]   Skipped: 'without helmet' is a NO-HELMET class
2026-06-19 19:50:01,992 [DEBUG]   Skipped: 'without helmet' is a NO-HELMET class
2026-06-19 19:50:02,098 [DEBUG]   Skipped: 'without helmet' is a NO-HELMET class
2026-06-19 19:50:02,266 [DEBUG]   Skipped: 'without helmet' is a NO-HELMET class
2026-06-19 19:50:02,359 [DEBUG]   Skipped: 'without helmet' is a NO-HELMET class
2026-06-19 19:50:02,470 [DEBUG]   Skipped: 'without helmet' is a NO-HELMET class
2026-06-19 19:50:02,579 [DEBUG]   Skipped: 'without helmet' is a NO-HELMET class
2026-06-19 19:50:02,701 [DEBUG]   Skipped: 'without helmet' is a NO-HELMET class
2026-06-19 19:50:02,798 [DEBUG]   Skipped: 'without helmet' is a NO-HELMET class
2026-06-19 19:50:02,904 [DEBUG]   Skipped: 'without helmet' is a NO-HELMET class
2026-06-19 19:50:03,050 [DEBUG]   Skipped: 'without helmet' is a NO-HELMET class
2026-06-19 19:50:03,153 [DEBUG]   Skipped: 'without helmet' is a NO-HELMET class
2026-06-19 19:50:12,007 [DEBUG]   Skipped: 'without helmet' is a NO-HELMET class
2026-06-19 19:50:12,111 [DEBUG]   Skipped: 'without helmet' is a NO-HELMET class
2026-06-19 19:50:12,223 [DEBUG]   Skipped: 'without helmet' is a NO-HELMET class
2026-06-19 19:50:12,325 [DEBUG]   Skipped: 'without helmet' is a NO-HELMET class
2026-06-19 19:50:12,464 [DEBUG]   Skipped: 'without helmet' is a NO-HELMET class
2026-06-19 19:50:12,569 [DEBUG]   Skipped: 'without helmet' is a NO-HELMET class
2026-06-19 19:50:12,672 [DEBUG]   Skipped: 'without helmet' is a NO-HELMET class
2026-06-19 19:50:12,786 [DEBUG]   Skipped: 'without helmet' is a NO-HELMET class
2026-06-19 19:50:12,926 [DEBUG]   Skipped: 'without helmet' is a NO-HELMET class
2026-06-19 19:50:13,039 [DEBUG]   Skipped: 'without helmet' is a NO-HELMET class
2026-06-19 19:50:13,139 [DEBUG]   Skipped: 'without helmet' is a NO-HELMET class
2026-06-19 19:50:13,254 [DEBUG]   Skipped: 'without helmet' is a NO-HELMET class
2026-06-19 19:50:13,358 [DEBUG]   Skipped: 'without helmet' is a NO-HELMET class
2026-06-19 19:50:13,467 [DEBUG]   Skipped: 'without helmet' is a NO-HELMET class
2026-06-19 19:50:13,580 [DEBUG]   Skipped: 'without helmet' is a NO-HELMET class
2026-06-19 19:50:13,681 [DEBUG]   Skipped: 'without helmet' is a NO-HELMET class
2026-06-19 19:50:13,807 [DEBUG]   Skipped: 'without helmet' is a NO-HELMET class
2026-06-19 19:50:13,899 [DEBUG]   Skipped: 'without helmet' is a NO-HELMET class
2026-06-19 19:50:14,030 [DEBUG]   Skipped: 'without helmet' is a NO-HELMET class
2026-06-19 19:50:14,154 [DEBUG]   Skipped: 'without helmet' is a NO-HELMET class
2026-06-19 19:50:14,293 [DEBUG]   Skipped: 'without helmet' is a NO-HELMET class
2026-06-19 19:50:14,414 [DEBUG]   Skipped: 'without helmet' is a NO-HELMET class
2026-06-19 19:50:14,529 [DEBUG]   Skipped: 'without helmet' is a NO-HELMET class
2026-06-19 19:50:14,645 [DEBUG]   Skipped: 'without helmet' is a NO-HELMET class
2026-06-19 19:50:14,750 [DEBUG]   Skipped: 'without helmet' is a NO-HELMET class
2026-06-19 19:50:14,864 [DEBUG]   Skipped: 'without helmet' is a NO-HELMET class
2026-06-19 19:50:14,978 [DEBUG]   Skipped: 'without helmet' is a NO-HELMET class
2026-06-19 19:50:15,083 [DEBUG]   Skipped: 'without helmet' is a NO-HELMET class
2026-06-19 19:50:15,191 [DEBUG]   Skipped: 'without helmet' is a NO-HELMET class
2026-06-19 19:50:15,313 [DEBUG]   Skipped: 'without helmet' is a NO-HELMET class
2026-06-19 19:50:15,414 [DEBUG]   Skipped: 'without helmet' is a NO-HELMET class
2026-06-19 19:50:15,530 [DEBUG]   Skipped: 'without helmet' is a NO-HELMET class
2026-06-19 19:50:15,623 [DEBUG]   Skipped: 'without helmet' is a NO-HELMET class
2026-06-19 19:50:15,805 [DEBUG]   Skipped: 'without helmet' is a NO-HELMET class
2026-06-19 19:50:15,899 [DEBUG]   Skipped: 'without helmet' is a NO-HELMET class
2026-06-19 19:50:16,028 [DEBUG]   Skipped: 'without helmet' is a NO-HELMET class
2026-06-19 19:50:16,132 [DEBUG]   Skipped: 'without helmet' is a NO-HELMET class
2026-06-19 19:50:16,292 [DEBUG]   Skipped: 'without helmet' is a NO-HELMET class
2026-06-19 19:50:16,398 [DEBUG]   Skipped: 'without helmet' is a NO-HELMET class
2026-06-19 19:50:16,469 [INFO] Interrupted
2026-06-19 19:50:16,906 [INFO] Shutdown complete
